<?xml version="1.0" encoding="UTF-8"?>
<!-- Generated by org.testng.reporters.JUnitReportReporter -->
<testsuite hostname="LAPTOP-4MJVIKIS" failures="0" tests="1" name="test.LoginTest" time="15.825" errors="0" timestamp="2023-02-06T16:54:35 EST" skipped="0">
  <testcase classname="test.LoginTest" name="validUserShouldBeAbleToLogin" time="15.825"/>
  <system-out/>
</testsuite> <!-- test.LoginTest -->
