<?xml version="1.0" encoding="UTF-8"?>
<!-- Generated by org.testng.reporters.JUnitReportReporter -->
<testsuite hostname="LAPTOP-4MJVIKIS" failures="0" tests="1" name="test.AddCustomerTest" time="12.990" errors="0" timestamp="2023-02-07T10:31:18 EST" skipped="0">
  <testcase classname="test.AddCustomerTest" name="validUserShouldBeAbleToLogin" time="12.990"/>
  <system-out/>
</testsuite> <!-- test.AddCustomerTest -->
